mode: set
go-workflow/pkg/nodes/code_node.go:8.118,10.2 1 1
go-workflow/pkg/nodes/dedupe_node.go:13.44,15.2 1 1
go-workflow/pkg/nodes/dedupe_node.go:18.121,22.31 3 1
go-workflow/pkg/nodes/dedupe_node.go:22.31,24.10 2 1
go-workflow/pkg/nodes/dedupe_node.go:24.10,28.12 2 1
go-workflow/pkg/nodes/dedupe_node.go:31.3,31.19 1 1
go-workflow/pkg/nodes/dedupe_node.go:31.19,34.4 2 1
go-workflow/pkg/nodes/dedupe_node.go:37.2,37.21 1 1
go-workflow/pkg/nodes/dynamodb_upsert.go:19.125,20.32 1 1
go-workflow/pkg/nodes/dynamodb_upsert.go:20.32,22.16 2 1
go-workflow/pkg/nodes/dynamodb_upsert.go:22.16,24.10 1 1
go-workflow/pkg/nodes/dynamodb_upsert.go:26.9,27.131 2 1
go-workflow/pkg/nodes/dynamodb_upsert.go:27.131,29.20 2 1
go-workflow/pkg/nodes/dynamodb_upsert.go:29.20,31.14 1 1
go-workflow/pkg/nodes/dynamodb_upsert.go:33.13,34.20 2 1
go-workflow/pkg/nodes/dynamodb_upsert.go:34.20,36.14 1 1
go-workflow/pkg/nodes/dynamodb_upsert.go:38.13,39.20 2 1
go-workflow/pkg/nodes/dynamodb_upsert.go:39.20,41.14 1 1
go-workflow/pkg/nodes/dynamodb_upsert.go:42.13,44.27 3 1
go-workflow/pkg/nodes/dynamodb_upsert.go:44.27,46.14 1 1
go-workflow/pkg/nodes/dynamodb_upsert.go:47.15,47.45 1 1
go-workflow/pkg/nodes/dynamodb_upsert.go:47.45,49.10 1 1
go-workflow/pkg/nodes/dynamodb_upsert.go:49.15,51.10 1 1
go-workflow/pkg/nodes/dynamodb_upsert.go:53.9,54.31 2 1
go-workflow/pkg/nodes/dynamodb_upsert.go:54.31,55.40 1 1
go-workflow/pkg/nodes/dynamodb_upsert.go:55.40,57.14 1 1
go-workflow/pkg/nodes/dynamodb_upsert.go:59.9,60.23 2 1
go-workflow/pkg/nodes/dynamodb_upsert.go:60.23,62.10 1 1
go-workflow/pkg/nodes/dynamodb_upsert.go:64.5,64.23 1 1
go-workflow/pkg/nodes/http_request.go:19.81,26.2 1 1
go-workflow/pkg/nodes/http_request.go:28.122,30.32 2 1
go-workflow/pkg/nodes/http_request.go:30.32,32.16 2 1
go-workflow/pkg/nodes/http_request.go:32.16,34.10 1 1
go-workflow/pkg/nodes/http_request.go:35.9,36.16 2 1
go-workflow/pkg/nodes/http_request.go:36.16,38.10 1 1
go-workflow/pkg/nodes/http_request.go:40.9,41.28 2 1
go-workflow/pkg/nodes/http_request.go:41.28,43.20 2 1
go-workflow/pkg/nodes/http_request.go:43.20,45.14 1 1
go-workflow/pkg/nodes/http_request.go:46.13,48.27 3 1
go-workflow/pkg/nodes/http_request.go:48.27,50.14 1 1
go-workflow/pkg/nodes/http_request.go:53.9,54.23 2 1
go-workflow/pkg/nodes/http_request.go:54.23,56.10 1 0
go-workflow/pkg/nodes/http_request.go:58.9,60.31 2 1
go-workflow/pkg/nodes/http_request.go:60.31,62.20 2 1
go-workflow/pkg/nodes/http_request.go:62.20,64.14 1 1
go-workflow/pkg/nodes/http_request.go:65.13,65.39 1 1
go-workflow/pkg/nodes/http_request.go:65.39,66.64 1 1
go-workflow/pkg/nodes/http_request.go:66.64,68.18 1 1
go-workflow/pkg/nodes/http_request.go:72.9,73.23 2 1
go-workflow/pkg/nodes/http_request.go:73.23,75.10 1 1
go-workflow/pkg/nodes/http_request.go:76.9,80.61 4 1
go-workflow/pkg/nodes/http_request.go:80.61,81.38 1 1
go-workflow/pkg/nodes/http_request.go:81.38,83.14 1 1
go-workflow/pkg/nodes/http_request.go:84.15,86.10 1 1
go-workflow/pkg/nodes/http_request.go:88.5,88.20 1 1
go-workflow/pkg/nodes/manual_trigger.go:8.123,10.2 1 1
go-workflow/pkg/nodes/openai_node.go:10.46,13.2 2 1
go-workflow/pkg/nodes/openai_node.go:18.121,20.32 2 1
go-workflow/pkg/nodes/openai_node.go:20.32,23.23 3 1
go-workflow/pkg/nodes/openai_node.go:23.23,25.10 1 1
go-workflow/pkg/nodes/openai_node.go:26.9,27.69 2 1
go-workflow/pkg/nodes/openai_node.go:27.69,29.10 1 1
go-workflow/pkg/nodes/openai_node.go:30.9,30.34 1 1
go-workflow/pkg/nodes/openai_node.go:32.5,32.20 1 1
go-workflow/pkg/nodes/set_node.go:14.81,19.2 1 1
go-workflow/pkg/nodes/set_node.go:22.118,24.31 2 1
go-workflow/pkg/nodes/set_node.go:24.31,28.27 2 1
go-workflow/pkg/nodes/set_node.go:28.27,30.4 1 1
go-workflow/pkg/nodes/set_node.go:33.3,33.33 1 1
go-workflow/pkg/nodes/set_node.go:33.33,35.4 1 1
go-workflow/pkg/nodes/set_node.go:38.3,38.34 1 1
go-workflow/pkg/nodes/set_node.go:38.34,40.4 1 1
go-workflow/pkg/nodes/set_node.go:41.3,41.36 1 1
go-workflow/pkg/nodes/set_node.go:43.2,43.21 1 1
go-workflow/pkg/nodes/wait_node.go:12.118,15.2 2 1
