mode: set
go-workflow/pkg/store/dynamodb_client.go:11.108,16.19 2 1
go-workflow/pkg/store/dynamodb_client.go:16.19,18.6 1 0
go-workflow/pkg/store/dynamodb_client.go:19.5,19.44 1 1
go-workflow/pkg/framework/engine.go:15.101,19.36 4 1
go-workflow/pkg/framework/engine.go:19.36,26.23 7 1
go-workflow/pkg/framework/engine.go:26.23,30.66 3 1
go-workflow/pkg/framework/engine.go:30.66,40.14 3 0
go-workflow/pkg/framework/engine.go:40.19,43.14 1 1
go-workflow/pkg/framework/engine.go:45.9,45.51 1 1
go-workflow/pkg/framework/engine.go:45.51,47.10 1 1
go-workflow/pkg/framework/engine.go:48.9,48.51 1 1
go-workflow/pkg/framework/engine.go:48.51,49.47 1 1
go-workflow/pkg/framework/engine.go:49.47,51.14 1 1
go-workflow/pkg/framework/engine.go:53.9,53.19 1 1
go-workflow/pkg/framework/engine.go:55.5,55.27 1 1
go-workflow/pkg/framework/loader.go:17.54,19.19 2 1
go-workflow/pkg/framework/loader.go:19.19,21.6 1 1
go-workflow/pkg/framework/loader.go:22.5,23.54 2 1
go-workflow/pkg/framework/loader.go:23.54,25.6 1 1
go-workflow/pkg/framework/loader.go:26.5,26.21 1 1
go-workflow/pkg/framework/loader.go:30.56,32.19 2 1
go-workflow/pkg/framework/loader.go:32.19,34.6 1 1
go-workflow/pkg/framework/loader.go:35.5,36.54 2 1
go-workflow/pkg/framework/loader.go:36.54,38.6 1 1
go-workflow/pkg/framework/loader.go:39.5,40.46 2 1
go-workflow/pkg/framework/loader.go:40.46,41.35 1 1
go-workflow/pkg/framework/loader.go:41.35,42.38 1 1
go-workflow/pkg/framework/loader.go:42.38,45.14 2 1
go-workflow/pkg/framework/loader.go:48.5,48.36 1 1
go-workflow/pkg/framework/loader.go:48.36,50.6 1 1
go-workflow/pkg/framework/loader.go:51.5,51.20 1 1
go-workflow/pkg/framework/logging.go:8.46,10.19 2 1
go-workflow/pkg/framework/logging.go:10.19,12.6 1 0
go-workflow/pkg/framework/logging.go:13.5,13.27 1 1
go-workflow/pkg/framework/metrics.go:14.52,27.2 3 1
go-workflow/pkg/nodes/code_node.go:8.118,10.2 1 1
go-workflow/pkg/nodes/dedupe_node.go:13.44,15.2 1 1
go-workflow/pkg/nodes/dedupe_node.go:18.121,22.31 3 1
go-workflow/pkg/nodes/dedupe_node.go:22.31,24.10 2 1
go-workflow/pkg/nodes/dedupe_node.go:24.10,28.12 2 1
go-workflow/pkg/nodes/dedupe_node.go:31.3,31.19 1 1
go-workflow/pkg/nodes/dedupe_node.go:31.19,34.4 2 1
go-workflow/pkg/nodes/dedupe_node.go:37.2,37.21 1 1
go-workflow/pkg/nodes/dynamodb_upsert.go:19.125,20.32 1 1
go-workflow/pkg/nodes/dynamodb_upsert.go:20.32,22.16 2 1
go-workflow/pkg/nodes/dynamodb_upsert.go:22.16,24.10 1 1
go-workflow/pkg/nodes/dynamodb_upsert.go:26.9,27.131 2 1
go-workflow/pkg/nodes/dynamodb_upsert.go:27.131,29.20 2 1
go-workflow/pkg/nodes/dynamodb_upsert.go:29.20,31.14 1 1
go-workflow/pkg/nodes/dynamodb_upsert.go:33.13,34.20 2 1
go-workflow/pkg/nodes/dynamodb_upsert.go:34.20,36.14 1 1
go-workflow/pkg/nodes/dynamodb_upsert.go:38.13,39.20 2 1
go-workflow/pkg/nodes/dynamodb_upsert.go:39.20,41.14 1 1
go-workflow/pkg/nodes/dynamodb_upsert.go:42.13,44.27 3 1
go-workflow/pkg/nodes/dynamodb_upsert.go:44.27,46.14 1 1
go-workflow/pkg/nodes/dynamodb_upsert.go:47.15,47.45 1 1
go-workflow/pkg/nodes/dynamodb_upsert.go:47.45,49.10 1 1
go-workflow/pkg/nodes/dynamodb_upsert.go:49.15,51.10 1 1
go-workflow/pkg/nodes/dynamodb_upsert.go:53.9,54.31 2 1
go-workflow/pkg/nodes/dynamodb_upsert.go:54.31,55.40 1 1
go-workflow/pkg/nodes/dynamodb_upsert.go:55.40,57.14 1 1
go-workflow/pkg/nodes/dynamodb_upsert.go:59.9,60.23 2 1
go-workflow/pkg/nodes/dynamodb_upsert.go:60.23,62.10 1 1
go-workflow/pkg/nodes/dynamodb_upsert.go:64.5,64.23 1 1
go-workflow/pkg/nodes/error_handler_node.go:14.46,16.2 1 1
go-workflow/pkg/nodes/error_handler_node.go:19.127,24.2 2 1
go-workflow/pkg/nodes/http_request.go:19.81,26.2 1 1
go-workflow/pkg/nodes/http_request.go:28.122,30.32 2 1
go-workflow/pkg/nodes/http_request.go:30.32,32.16 2 1
go-workflow/pkg/nodes/http_request.go:32.16,34.10 1 1
go-workflow/pkg/nodes/http_request.go:35.9,36.16 2 1
go-workflow/pkg/nodes/http_request.go:36.16,38.10 1 1
go-workflow/pkg/nodes/http_request.go:40.9,41.28 2 1
go-workflow/pkg/nodes/http_request.go:41.28,43.20 2 1
go-workflow/pkg/nodes/http_request.go:43.20,45.14 1 1
go-workflow/pkg/nodes/http_request.go:46.13,48.27 3 1
go-workflow/pkg/nodes/http_request.go:48.27,50.14 1 1
go-workflow/pkg/nodes/http_request.go:53.9,54.23 2 1
go-workflow/pkg/nodes/http_request.go:54.23,56.10 1 0
go-workflow/pkg/nodes/http_request.go:58.9,60.31 2 1
go-workflow/pkg/nodes/http_request.go:60.31,62.20 2 1
go-workflow/pkg/nodes/http_request.go:62.20,64.14 1 1
go-workflow/pkg/nodes/http_request.go:65.13,65.39 1 1
go-workflow/pkg/nodes/http_request.go:65.39,66.64 1 1
go-workflow/pkg/nodes/http_request.go:66.64,68.18 1 1
go-workflow/pkg/nodes/http_request.go:72.9,73.23 2 1
go-workflow/pkg/nodes/http_request.go:73.23,75.10 1 1
go-workflow/pkg/nodes/http_request.go:76.9,80.61 4 1
go-workflow/pkg/nodes/http_request.go:80.61,81.38 1 1
go-workflow/pkg/nodes/http_request.go:81.38,83.14 1 1
go-workflow/pkg/nodes/http_request.go:84.15,86.10 1 1
go-workflow/pkg/nodes/http_request.go:88.5,88.20 1 1
go-workflow/pkg/nodes/manual_trigger.go:8.123,10.2 1 1
go-workflow/pkg/nodes/merge_by_key_node.go:13.52,15.2 1 1
go-workflow/pkg/nodes/merge_by_key_node.go:20.125,23.31 2 1
go-workflow/pkg/nodes/merge_by_key_node.go:23.31,25.10 2 1
go-workflow/pkg/nodes/merge_by_key_node.go:25.10,29.12 1 1
go-workflow/pkg/nodes/merge_by_key_node.go:32.3,33.13 2 1
go-workflow/pkg/nodes/merge_by_key_node.go:33.13,36.28 2 1
go-workflow/pkg/nodes/merge_by_key_node.go:36.28,38.5 1 1
go-workflow/pkg/nodes/merge_by_key_node.go:39.4,39.41 1 1
go-workflow/pkg/nodes/merge_by_key_node.go:40.9,42.28 1 1
go-workflow/pkg/nodes/merge_by_key_node.go:42.28,44.5 1 1
go-workflow/pkg/nodes/merge_by_key_node.go:49.2,50.38 2 1
go-workflow/pkg/nodes/merge_by_key_node.go:50.38,52.3 1 1
go-workflow/pkg/nodes/merge_by_key_node.go:54.2,54.21 1 1
go-workflow/pkg/nodes/merge_node.go:13.42,15.2 1 1
go-workflow/pkg/nodes/merge_node.go:20.120,24.31 3 1
go-workflow/pkg/nodes/merge_node.go:24.31,26.10 2 1
go-workflow/pkg/nodes/merge_node.go:26.10,29.12 2 1
go-workflow/pkg/nodes/merge_node.go:32.3,32.62 1 1
go-workflow/pkg/nodes/merge_node.go:32.62,34.28 1 1
go-workflow/pkg/nodes/merge_node.go:34.28,36.5 1 1
go-workflow/pkg/nodes/merge_node.go:37.9,40.28 2 1
go-workflow/pkg/nodes/merge_node.go:40.28,42.5 1 1
go-workflow/pkg/nodes/merge_node.go:43.4,43.39 1 1
go-workflow/pkg/nodes/merge_node.go:48.2,49.39 2 1
go-workflow/pkg/nodes/merge_node.go:49.39,51.3 1 1
go-workflow/pkg/nodes/merge_node.go:52.2,54.21 2 1
go-workflow/pkg/nodes/openai_node.go:10.46,13.2 2 1
go-workflow/pkg/nodes/openai_node.go:18.121,20.32 2 1
go-workflow/pkg/nodes/openai_node.go:20.32,23.23 3 1
go-workflow/pkg/nodes/openai_node.go:23.23,25.10 1 1
go-workflow/pkg/nodes/openai_node.go:26.9,27.69 2 1
go-workflow/pkg/nodes/openai_node.go:27.69,29.10 1 1
go-workflow/pkg/nodes/openai_node.go:30.9,30.34 1 1
go-workflow/pkg/nodes/openai_node.go:32.5,32.20 1 1
go-workflow/pkg/nodes/set_node.go:14.81,19.2 1 1
go-workflow/pkg/nodes/set_node.go:22.118,24.31 2 1
go-workflow/pkg/nodes/set_node.go:24.31,28.27 2 1
go-workflow/pkg/nodes/set_node.go:28.27,30.4 1 1
go-workflow/pkg/nodes/set_node.go:33.3,33.33 1 1
go-workflow/pkg/nodes/set_node.go:33.33,35.4 1 1
go-workflow/pkg/nodes/set_node.go:38.3,38.34 1 1
go-workflow/pkg/nodes/set_node.go:38.34,40.4 1 1
go-workflow/pkg/nodes/set_node.go:41.3,41.36 1 1
go-workflow/pkg/nodes/set_node.go:43.2,43.21 1 1
go-workflow/pkg/nodes/split_in_batches_node.go:15.63,17.2 1 1
go-workflow/pkg/nodes/split_in_batches_node.go:20.129,21.22 1 1
go-workflow/pkg/nodes/split_in_batches_node.go:21.22,23.3 1 1
go-workflow/pkg/nodes/split_in_batches_node.go:25.2,26.48 2 1
go-workflow/pkg/nodes/split_in_batches_node.go:26.48,28.24 2 1
go-workflow/pkg/nodes/split_in_batches_node.go:28.24,30.4 1 1
go-workflow/pkg/nodes/split_in_batches_node.go:32.3,32.76 1 1
go-workflow/pkg/nodes/split_in_batches_node.go:35.2,35.21 1 1
go-workflow/pkg/nodes/switch_node.go:19.65,21.2 1 1
go-workflow/pkg/nodes/switch_node.go:26.121,29.31 2 1
go-workflow/pkg/nodes/switch_node.go:29.31,31.46 2 1
go-workflow/pkg/nodes/switch_node.go:31.46,32.61 1 1
go-workflow/pkg/nodes/switch_node.go:32.61,35.10 3 1
go-workflow/pkg/nodes/switch_node.go:38.3,38.14 1 1
go-workflow/pkg/nodes/switch_node.go:38.15,42.4 0 1
go-workflow/pkg/nodes/switch_node.go:47.2,48.49 2 1
go-workflow/pkg/nodes/switch_node.go:48.49,50.3 1 1
go-workflow/pkg/nodes/switch_node.go:52.2,52.21 1 1
go-workflow/pkg/nodes/wait_for_node.go:18.47,20.2 1 0
go-workflow/pkg/nodes/wait_for_node.go:30.38,32.2 1 0
go-workflow/pkg/nodes/wait_for_node.go:42.55,44.2 1 1
go-workflow/pkg/nodes/wait_for_node.go:47.122,50.31 2 1
go-workflow/pkg/nodes/wait_for_node.go:50.31,52.10 2 1
go-workflow/pkg/nodes/wait_for_node.go:52.10,54.4 1 1
go-workflow/pkg/nodes/wait_for_node.go:56.3,57.16 2 1
go-workflow/pkg/nodes/wait_for_node.go:57.16,59.4 1 1
go-workflow/pkg/nodes/wait_for_node.go:61.3,62.17 2 1
go-workflow/pkg/nodes/wait_for_node.go:62.17,64.10 1 1
go-workflow/pkg/nodes/wait_for_node.go:66.9,67.19 2 1
go-workflow/pkg/nodes/wait_for_node.go:67.19,69.4 1 1
go-workflow/pkg/nodes/wait_for_node.go:71.3,71.35 1 1
go-workflow/pkg/nodes/wait_for_node.go:74.2,74.21 1 1
go-workflow/pkg/nodes/wait_node.go:12.118,15.2 2 1
go-workflow/pkg/nodes/webhook_trigger.go:11.42,13.2 1 1
go-workflow/pkg/nodes/webhook_trigger.go:16.125,18.2 1 1
